<?xml version="1.0" encoding="UTF-8"?>
<testng-results skipped="0" failed="5" total="9" passed="4">
  <reporter-output>
  </reporter-output>
  <suite name="Suite" duration-ms="530425" started-at="2019-06-14T05:16:35Z" finished-at="2019-06-14T05:25:25Z">
    <groups>
    </groups>
    <test name="Test" duration-ms="530425" started-at="2019-06-14T05:16:35Z" finished-at="2019-06-14T05:25:25Z">
      <class name="Onlineshoppingstore.SellerLogin">
        <test-method status="PASS" signature="open()[pri:0, instance:Onlineshoppingstore.SellerLogin@1fa1d9b]" name="open" is-config="true" duration-ms="43156" started-at="2019-06-14T10:46:35Z" finished-at="2019-06-14T10:47:18Z">
          <reporter-output>
          </reporter-output>
        </test-method> <!-- open -->
        <test-method status="PASS" signature="open()[pri:0, instance:Onlineshoppingstore.TC1@d25987]" name="open" is-config="true" duration-ms="33668" started-at="2019-06-14T10:47:18Z" finished-at="2019-06-14T10:47:51Z">
          <reporter-output>
          </reporter-output>
        </test-method> <!-- open -->
        <test-method status="PASS" signature="open()[pri:0, instance:Onlineshoppingstore.TC1user@101b7af]" name="open" is-config="true" duration-ms="67301" started-at="2019-06-14T10:47:51Z" finished-at="2019-06-14T10:48:59Z">
          <reporter-output>
          </reporter-output>
        </test-method> <!-- open -->
        <test-method status="PASS" signature="Slogin()[pri:0, instance:Onlineshoppingstore.SellerLogin@1fa1d9b]" name="Slogin" duration-ms="21967" started-at="2019-06-14T10:48:59Z" finished-at="2019-06-14T10:49:21Z">
          <reporter-output>
          </reporter-output>
        </test-method> <!-- Slogin -->
        <test-method status="PASS" signature="click()[pri:1, instance:Onlineshoppingstore.SellerLogin@1fa1d9b]" name="click" duration-ms="19558" started-at="2019-06-14T10:49:22Z" finished-at="2019-06-14T10:49:41Z">
          <reporter-output>
          </reporter-output>
        </test-method> <!-- click -->
      </class> <!-- Onlineshoppingstore.SellerLogin -->
      <class name="Onlineshoppingstore.TC1user">
        <test-method status="FAIL" signature="data()[pri:0, instance:Onlineshoppingstore.TC1user@101b7af]" name="data" duration-ms="96529" started-at="2019-06-14T10:50:09Z" finished-at="2019-06-14T10:51:46Z">
          <exception class="org.openqa.selenium.WebDriverException">
            <message>
              <![CDATA[Element is not clickable at point (101.5, 49.5). Other element would receive the click: <img src="http://webwaves.in/ecommerce/images/1557071003-lge.jpg" class="img-responsive" style="margin-top:-18px;padding: 0 0 3px 0;">
Command duration or timeout: 323 milliseconds
Build info: version: '2.53.0', revision: '35ae25b', time: '2016-03-15 17:00:58'
System info: host: 'kallu-PC', ip: '192.168.0.3', os.name: 'Windows 7', os.arch: 'x86', os.version: '6.1', java.version: '1.8.0_191'
Driver info: org.openqa.selenium.firefox.FirefoxDriver
Capabilities [{applicationCacheEnabled=true, rotatable=false, handlesAlerts=true, databaseEnabled=true, version=46.0.1, platform=WINDOWS, nativeEvents=false, acceptSslCerts=true, webStorageEnabled=true, locationContextEnabled=true, browserName=firefox, takesScreenshot=true, javascriptEnabled=true, cssSelectorsEnabled=true}]
Session ID: cfb50c18-1756-4206-a648-03cc81b7df73]]>
            </message>
            <full-stacktrace>
              <![CDATA[org.openqa.selenium.WebDriverException: Element is not clickable at point (101.5, 49.5). Other element would receive the click: <img src="http://webwaves.in/ecommerce/images/1557071003-lge.jpg" class="img-responsive" style="margin-top:-18px;padding: 0 0 3px 0;">
Command duration or timeout: 323 milliseconds
Build info: version: '2.53.0', revision: '35ae25b', time: '2016-03-15 17:00:58'
System info: host: 'kallu-PC', ip: '192.168.0.3', os.name: 'Windows 7', os.arch: 'x86', os.version: '6.1', java.version: '1.8.0_191'
Driver info: org.openqa.selenium.firefox.FirefoxDriver
Capabilities [{applicationCacheEnabled=true, rotatable=false, handlesAlerts=true, databaseEnabled=true, version=46.0.1, platform=WINDOWS, nativeEvents=false, acceptSslCerts=true, webStorageEnabled=true, locationContextEnabled=true, browserName=firefox, takesScreenshot=true, javascriptEnabled=true, cssSelectorsEnabled=true}]
Session ID: cfb50c18-1756-4206-a648-03cc81b7df73
	at sun.reflect.NativeConstructorAccessorImpl.newInstance0(Native Method)
	at sun.reflect.NativeConstructorAccessorImpl.newInstance(NativeConstructorAccessorImpl.java:62)
	at sun.reflect.DelegatingConstructorAccessorImpl.newInstance(DelegatingConstructorAccessorImpl.java:45)
	at java.lang.reflect.Constructor.newInstance(Constructor.java:423)
	at org.openqa.selenium.remote.ErrorHandler.createThrowable(ErrorHandler.java:206)
	at org.openqa.selenium.remote.ErrorHandler.throwIfResponseFailed(ErrorHandler.java:158)
	at org.openqa.selenium.remote.RemoteWebDriver.execute(RemoteWebDriver.java:678)
	at org.openqa.selenium.remote.RemoteWebElement.execute(RemoteWebElement.java:327)
	at org.openqa.selenium.remote.RemoteWebElement.click(RemoteWebElement.java:85)
	at Onlineshoppingstore.TC1user.data(TC1user.java:29)
	at sun.reflect.NativeMethodAccessorImpl.invoke0(Native Method)
	at sun.reflect.NativeMethodAccessorImpl.invoke(NativeMethodAccessorImpl.java:62)
	at sun.reflect.DelegatingMethodAccessorImpl.invoke(DelegatingMethodAccessorImpl.java:43)
	at java.lang.reflect.Method.invoke(Method.java:498)
	at org.testng.internal.MethodInvocationHelper.invokeMethod(MethodInvocationHelper.java:85)
	at org.testng.internal.Invoker.invokeMethod(Invoker.java:639)
	at org.testng.internal.Invoker.invokeTestMethod(Invoker.java:816)
	at org.testng.internal.Invoker.invokeTestMethods(Invoker.java:1124)
	at org.testng.internal.TestMethodWorker.invokeTestMethods(TestMethodWorker.java:125)
	at org.testng.internal.TestMethodWorker.run(TestMethodWorker.java:108)
	at org.testng.TestRunner.privateRun(TestRunner.java:774)
	at org.testng.TestRunner.run(TestRunner.java:624)
	at org.testng.SuiteRunner.runTest(SuiteRunner.java:359)
	at org.testng.SuiteRunner.runSequentially(SuiteRunner.java:354)
	at org.testng.SuiteRunner.privateRun(SuiteRunner.java:312)
	at org.testng.SuiteRunner.run(SuiteRunner.java:261)
	at org.testng.SuiteRunnerWorker.runSuite(SuiteRunnerWorker.java:52)
	at org.testng.SuiteRunnerWorker.run(SuiteRunnerWorker.java:86)
	at org.testng.TestNG.runSuitesSequentially(TestNG.java:1215)
	at org.testng.TestNG.runSuitesLocally(TestNG.java:1140)
	at org.testng.TestNG.run(TestNG.java:1048)
	at org.testng.remote.AbstractRemoteTestNG.run(AbstractRemoteTestNG.java:114)
	at org.testng.remote.RemoteTestNG.initAndRun(RemoteTestNG.java:251)
	at org.testng.remote.RemoteTestNG.main(RemoteTestNG.java:77)
]]>
            </full-stacktrace>
          </exception> <!-- org.openqa.selenium.WebDriverException -->
          <reporter-output>
          </reporter-output>
        </test-method> <!-- data -->
      </class> <!-- Onlineshoppingstore.TC1user -->
      <class name="Onlineshoppingstore.InvisibleLink">
        <test-method status="FAIL" signature="getLinks()[pri:0, instance:Onlineshoppingstore.InvisibleLink@1275dab]" name="getLinks" duration-ms="63314" started-at="2019-06-14T10:54:22Z" finished-at="2019-06-14T10:55:25Z">
          <exception class="org.openqa.selenium.WebDriverException">
            <message>
              <![CDATA[Failed to connect to binary FirefoxBinary(C:\Program Files\Mozilla Firefox\firefox.exe) on port 7059; process output follows: 
se,"appDisabled":false,"descriptor":"C:\\Program Files\\Mozilla Firefox\\browser\\features\\loop@mozilla.org.xpi","installDate":1462246394000,"updateDate":1462246394000,"applyBackgroundUpdates":1,"bootstrap":true,"skinnable":false,"size":4185303,"sourceURI":null,"releaseNotesURI":null,"softDisabled":false,"foreignInstall":false,"hasBinaryComponents":false,"strictCompatibility":false,"locales":[],"targetApplications":[{"id":"{ec8030f7-c20a-464f-9b0e-13a3a9e97384}","minVersion":"46.0a1","maxVersion":"46.*"},{"id":"xpcshell@tests.mozilla.org","minVersion":"0","maxVersion":"10"}],"targetPlatforms":[],"multiprocessCompatible":false,"seen":true}
1560489887214	addons.xpi	DEBUG	getModTime: Recursive scan of loop@mozilla.org
1560489887215	addons.xpi	DEBUG	Updating XPIState for {"id":"{972ce4c6-7e08-4474-a285-3208198ce6fd}","syncGUID":"lPJWQ9E8Ftgl","location":"app-global","version":"46.0.1","type":"theme","internalName":"classic/1.0","updateURL":null,"updateKey":null,"optionsURL":null,"optionsType":null,"aboutURL":null,"icons":{"32":"icon.png","48":"icon.png"},"iconURL":null,"icon64URL":null,"defaultLocale":{"name":"Default","description":"The default theme.","creator":"Mozilla","homepageURL":null,"contributors":["Mozilla Contributors"]},"visible":true,"active":true,"userDisabled":false,"appDisabled":false,"descriptor":"C:\\Program Files\\Mozilla Firefox\\browser\\extensions\\{972ce4c6-7e08-4474-a285-3208198ce6fd}.xpi","installDate":1462246394000,"updateDate":1462246394000,"applyBackgroundUpdates":1,"skinnable":true,"size":22012,"sourceURI":null,"releaseNotesURI":null,"softDisabled":false,"foreignInstall":false,"hasBinaryComponents":false,"strictCompatibility":true,"locales":[],"targetApplications":[{"id":"{ec8030f7-c20a-464f-9b0e-13a3a9e97384}","minVersion":"46.0.1","maxVersion":"46.0.1"}],"targetPlatforms":[],"seen":true}
1560489887215	addons.xpi	DEBUG	getModTime: Recursive scan of {972ce4c6-7e08-4474-a285-3208198ce6fd}
1560489887217	DeferredSave.extensions.json	DEBUG	Save changes
1560489887218	addons.xpi	DEBUG	Updating database with changes to installed add-ons
1560489887218	addons.xpi-utils	DEBUG	Updating add-on states
1560489887220	addons.xpi-utils	DEBUG	Writing add-ons list
1560489887226	addons.xpi	DEBUG	Registering manifest for C:\Program Files\Mozilla Firefox\browser\features\e10srollout@mozilla.org.xpi
1560489887227	addons.xpi	DEBUG	Calling bootstrap method startup on e10srollout@mozilla.org version 1.0
1560489887227	addons.xpi	DEBUG	Registering manifest for C:\Program Files\Mozilla Firefox\browser\features\firefox@getpocket.com.xpi
1560489887228	addons.xpi	DEBUG	Calling bootstrap method startup on firefox@getpocket.com version 1.0
1560489887230	addons.xpi	DEBUG	Registering manifest for C:\Program Files\Mozilla Firefox\browser\features\loop@mozilla.org.xpi
1560489887232	addons.xpi	DEBUG	Calling bootstrap method startup on loop@mozilla.org version 1.2.6
1560489887562	addons.manager	DEBUG	Registering shutdown blocker for XPIProvider
1560489887562	addons.manager	DEBUG	Provider finished startup: XPIProvider
1560489887562	addons.manager	DEBUG	Starting provider: LightweightThemeManager
1560489887562	addons.manager	DEBUG	Registering shutdown blocker for LightweightThemeManager
1560489887563	addons.manager	DEBUG	Provider finished startup: LightweightThemeManager
1560489887563	addons.manager	DEBUG	Starting provider: GMPProvider
1560489887572	addons.manager	DEBUG	Registering shutdown blocker for GMPProvider
1560489887573	addons.manager	DEBUG	Provider finished startup: GMPProvider
1560489887573	addons.manager	DEBUG	Starting provider: PluginProvider
1560489887573	addons.manager	DEBUG	Registering shutdown blocker for PluginProvider
1560489887574	addons.manager	DEBUG	Provider finished startup: PluginProvider
1560489887574	addons.manager	DEBUG	Completed startup sequence
1560489905936	addons.manager	DEBUG	Starting provider: <unnamed-provider>
1560489905936	addons.manager	DEBUG	Registering shutdown blocker for <unnamed-provider>
1560489905936	addons.manager	DEBUG	Provider finished startup: <unnamed-provider>

Build info: version: '2.53.0', revision: '35ae25b', time: '2016-03-15 17:00:58'
System info: host: 'kallu-PC', ip: '192.168.0.3', os.name: 'Windows 7', os.arch: 'x86', os.version: '6.1', java.version: '1.8.0_191'
Driver info: driver.version: FirefoxDriver]]>
            </message>
            <full-stacktrace>
              <![CDATA[org.openqa.selenium.WebDriverException: Failed to connect to binary FirefoxBinary(C:\Program Files\Mozilla Firefox\firefox.exe) on port 7059; process output follows: 
se,"appDisabled":false,"descriptor":"C:\\Program Files\\Mozilla Firefox\\browser\\features\\loop@mozilla.org.xpi","installDate":1462246394000,"updateDate":1462246394000,"applyBackgroundUpdates":1,"bootstrap":true,"skinnable":false,"size":4185303,"sourceURI":null,"releaseNotesURI":null,"softDisabled":false,"foreignInstall":false,"hasBinaryComponents":false,"strictCompatibility":false,"locales":[],"targetApplications":[{"id":"{ec8030f7-c20a-464f-9b0e-13a3a9e97384}","minVersion":"46.0a1","maxVersion":"46.*"},{"id":"xpcshell@tests.mozilla.org","minVersion":"0","maxVersion":"10"}],"targetPlatforms":[],"multiprocessCompatible":false,"seen":true}
1560489887214	addons.xpi	DEBUG	getModTime: Recursive scan of loop@mozilla.org
1560489887215	addons.xpi	DEBUG	Updating XPIState for {"id":"{972ce4c6-7e08-4474-a285-3208198ce6fd}","syncGUID":"lPJWQ9E8Ftgl","location":"app-global","version":"46.0.1","type":"theme","internalName":"classic/1.0","updateURL":null,"updateKey":null,"optionsURL":null,"optionsType":null,"aboutURL":null,"icons":{"32":"icon.png","48":"icon.png"},"iconURL":null,"icon64URL":null,"defaultLocale":{"name":"Default","description":"The default theme.","creator":"Mozilla","homepageURL":null,"contributors":["Mozilla Contributors"]},"visible":true,"active":true,"userDisabled":false,"appDisabled":false,"descriptor":"C:\\Program Files\\Mozilla Firefox\\browser\\extensions\\{972ce4c6-7e08-4474-a285-3208198ce6fd}.xpi","installDate":1462246394000,"updateDate":1462246394000,"applyBackgroundUpdates":1,"skinnable":true,"size":22012,"sourceURI":null,"releaseNotesURI":null,"softDisabled":false,"foreignInstall":false,"hasBinaryComponents":false,"strictCompatibility":true,"locales":[],"targetApplications":[{"id":"{ec8030f7-c20a-464f-9b0e-13a3a9e97384}","minVersion":"46.0.1","maxVersion":"46.0.1"}],"targetPlatforms":[],"seen":true}
1560489887215	addons.xpi	DEBUG	getModTime: Recursive scan of {972ce4c6-7e08-4474-a285-3208198ce6fd}
1560489887217	DeferredSave.extensions.json	DEBUG	Save changes
1560489887218	addons.xpi	DEBUG	Updating database with changes to installed add-ons
1560489887218	addons.xpi-utils	DEBUG	Updating add-on states
1560489887220	addons.xpi-utils	DEBUG	Writing add-ons list
1560489887226	addons.xpi	DEBUG	Registering manifest for C:\Program Files\Mozilla Firefox\browser\features\e10srollout@mozilla.org.xpi
1560489887227	addons.xpi	DEBUG	Calling bootstrap method startup on e10srollout@mozilla.org version 1.0
1560489887227	addons.xpi	DEBUG	Registering manifest for C:\Program Files\Mozilla Firefox\browser\features\firefox@getpocket.com.xpi
1560489887228	addons.xpi	DEBUG	Calling bootstrap method startup on firefox@getpocket.com version 1.0
1560489887230	addons.xpi	DEBUG	Registering manifest for C:\Program Files\Mozilla Firefox\browser\features\loop@mozilla.org.xpi
1560489887232	addons.xpi	DEBUG	Calling bootstrap method startup on loop@mozilla.org version 1.2.6
1560489887562	addons.manager	DEBUG	Registering shutdown blocker for XPIProvider
1560489887562	addons.manager	DEBUG	Provider finished startup: XPIProvider
1560489887562	addons.manager	DEBUG	Starting provider: LightweightThemeManager
1560489887562	addons.manager	DEBUG	Registering shutdown blocker for LightweightThemeManager
1560489887563	addons.manager	DEBUG	Provider finished startup: LightweightThemeManager
1560489887563	addons.manager	DEBUG	Starting provider: GMPProvider
1560489887572	addons.manager	DEBUG	Registering shutdown blocker for GMPProvider
1560489887573	addons.manager	DEBUG	Provider finished startup: GMPProvider
1560489887573	addons.manager	DEBUG	Starting provider: PluginProvider
1560489887573	addons.manager	DEBUG	Registering shutdown blocker for PluginProvider
1560489887574	addons.manager	DEBUG	Provider finished startup: PluginProvider
1560489887574	addons.manager	DEBUG	Completed startup sequence
1560489905936	addons.manager	DEBUG	Starting provider: <unnamed-provider>
1560489905936	addons.manager	DEBUG	Registering shutdown blocker for <unnamed-provider>
1560489905936	addons.manager	DEBUG	Provider finished startup: <unnamed-provider>

Build info: version: '2.53.0', revision: '35ae25b', time: '2016-03-15 17:00:58'
System info: host: 'kallu-PC', ip: '192.168.0.3', os.name: 'Windows 7', os.arch: 'x86', os.version: '6.1', java.version: '1.8.0_191'
Driver info: driver.version: FirefoxDriver
	at org.openqa.selenium.firefox.internal.NewProfileExtensionConnection.start(NewProfileExtensionConnection.java:124)
	at org.openqa.selenium.firefox.FirefoxDriver.startClient(FirefoxDriver.java:271)
	at org.openqa.selenium.remote.RemoteWebDriver.<init>(RemoteWebDriver.java:119)
	at org.openqa.selenium.firefox.FirefoxDriver.<init>(FirefoxDriver.java:218)
	at org.openqa.selenium.firefox.FirefoxDriver.<init>(FirefoxDriver.java:211)
	at org.openqa.selenium.firefox.FirefoxDriver.<init>(FirefoxDriver.java:207)
	at org.openqa.selenium.firefox.FirefoxDriver.<init>(FirefoxDriver.java:120)
	at Onlineshoppingstore.InvisibleLink.getLinks(InvisibleLink.java:27)
	at sun.reflect.NativeMethodAccessorImpl.invoke0(Native Method)
	at sun.reflect.NativeMethodAccessorImpl.invoke(NativeMethodAccessorImpl.java:62)
	at sun.reflect.DelegatingMethodAccessorImpl.invoke(DelegatingMethodAccessorImpl.java:43)
	at java.lang.reflect.Method.invoke(Method.java:498)
	at org.testng.internal.MethodInvocationHelper.invokeMethod(MethodInvocationHelper.java:85)
	at org.testng.internal.Invoker.invokeMethod(Invoker.java:639)
	at org.testng.internal.Invoker.invokeTestMethod(Invoker.java:816)
	at org.testng.internal.Invoker.invokeTestMethods(Invoker.java:1124)
	at org.testng.internal.TestMethodWorker.invokeTestMethods(TestMethodWorker.java:125)
	at org.testng.internal.TestMethodWorker.run(TestMethodWorker.java:108)
	at org.testng.TestRunner.privateRun(TestRunner.java:774)
	at org.testng.TestRunner.run(TestRunner.java:624)
	at org.testng.SuiteRunner.runTest(SuiteRunner.java:359)
	at org.testng.SuiteRunner.runSequentially(SuiteRunner.java:354)
	at org.testng.SuiteRunner.privateRun(SuiteRunner.java:312)
	at org.testng.SuiteRunner.run(SuiteRunner.java:261)
	at org.testng.SuiteRunnerWorker.runSuite(SuiteRunnerWorker.java:52)
	at org.testng.SuiteRunnerWorker.run(SuiteRunnerWorker.java:86)
	at org.testng.TestNG.runSuitesSequentially(TestNG.java:1215)
	at org.testng.TestNG.runSuitesLocally(TestNG.java:1140)
	at org.testng.TestNG.run(TestNG.java:1048)
	at org.testng.remote.AbstractRemoteTestNG.run(AbstractRemoteTestNG.java:114)
	at org.testng.remote.RemoteTestNG.initAndRun(RemoteTestNG.java:251)
	at org.testng.remote.RemoteTestNG.main(RemoteTestNG.java:77)
Caused by: org.openqa.selenium.firefox.NotConnectedException: Unable to connect to host 127.0.0.1 on port 7059 after 45000 ms. Firefox console output:
se,"appDisabled":false,"descriptor":"C:\\Program Files\\Mozilla Firefox\\browser\\features\\loop@mozilla.org.xpi","installDate":1462246394000,"updateDate":1462246394000,"applyBackgroundUpdates":1,"bootstrap":true,"skinnable":false,"size":4185303,"sourceURI":null,"releaseNotesURI":null,"softDisabled":false,"foreignInstall":false,"hasBinaryComponents":false,"strictCompatibility":false,"locales":[],"targetApplications":[{"id":"{ec8030f7-c20a-464f-9b0e-13a3a9e97384}","minVersion":"46.0a1","maxVersion":"46.*"},{"id":"xpcshell@tests.mozilla.org","minVersion":"0","maxVersion":"10"}],"targetPlatforms":[],"multiprocessCompatible":false,"seen":true}
1560489887214	addons.xpi	DEBUG	getModTime: Recursive scan of loop@mozilla.org
1560489887215	addons.xpi	DEBUG	Updating XPIState for {"id":"{972ce4c6-7e08-4474-a285-3208198ce6fd}","syncGUID":"lPJWQ9E8Ftgl","location":"app-global","version":"46.0.1","type":"theme","internalName":"classic/1.0","updateURL":null,"updateKey":null,"optionsURL":null,"optionsType":null,"aboutURL":null,"icons":{"32":"icon.png","48":"icon.png"},"iconURL":null,"icon64URL":null,"defaultLocale":{"name":"Default","description":"The default theme.","creator":"Mozilla","homepageURL":null,"contributors":["Mozilla Contributors"]},"visible":true,"active":true,"userDisabled":false,"appDisabled":false,"descriptor":"C:\\Program Files\\Mozilla Firefox\\browser\\extensions\\{972ce4c6-7e08-4474-a285-3208198ce6fd}.xpi","installDate":1462246394000,"updateDate":1462246394000,"applyBackgroundUpdates":1,"skinnable":true,"size":22012,"sourceURI":null,"releaseNotesURI":null,"softDisabled":false,"foreignInstall":false,"hasBinaryComponents":false,"strictCompatibility":true,"locales":[],"targetApplications":[{"id":"{ec8030f7-c20a-464f-9b0e-13a3a9e97384}","minVersion":"46.0.1","maxVersion":"46.0.1"}],"targetPlatforms":[],"seen":true}
1560489887215	addons.xpi	DEBUG	getModTime: Recursive scan of {972ce4c6-7e08-4474-a285-3208198ce6fd}
1560489887217	DeferredSave.extensions.json	DEBUG	Save changes
1560489887218	addons.xpi	DEBUG	Updating database with changes to installed add-ons
1560489887218	addons.xpi-utils	DEBUG	Updating add-on states
1560489887220	addons.xpi-utils	DEBUG	Writing add-ons list
1560489887226	addons.xpi	DEBUG	Registering manifest for C:\Program Files\Mozilla Firefox\browser\features\e10srollout@mozilla.org.xpi
1560489887227	addons.xpi	DEBUG	Calling bootstrap method startup on e10srollout@mozilla.org version 1.0
1560489887227	addons.xpi	DEBUG	Registering manifest for C:\Program Files\Mozilla Firefox\browser\features\firefox@getpocket.com.xpi
1560489887228	addons.xpi	DEBUG	Calling bootstrap method startup on firefox@getpocket.com version 1.0
1560489887230	addons.xpi	DEBUG	Registering manifest for C:\Program Files\Mozilla Firefox\browser\features\loop@mozilla.org.xpi
1560489887232	addons.xpi	DEBUG	Calling bootstrap method startup on loop@mozilla.org version 1.2.6
1560489887562	addons.manager	DEBUG	Registering shutdown blocker for XPIProvider
1560489887562	addons.manager	DEBUG	Provider finished startup: XPIProvider
1560489887562	addons.manager	DEBUG	Starting provider: LightweightThemeManager
1560489887562	addons.manager	DEBUG	Registering shutdown blocker for LightweightThemeManager
1560489887563	addons.manager	DEBUG	Provider finished startup: LightweightThemeManager
1560489887563	addons.manager	DEBUG	Starting provider: GMPProvider
1560489887572	addons.manager	DEBUG	Registering shutdown blocker for GMPProvider
1560489887573	addons.manager	DEBUG	Provider finished startup: GMPProvider
1560489887573	addons.manager	DEBUG	Starting provider: PluginProvider
1560489887573	addons.manager	DEBUG	Registering shutdown blocker for PluginProvider
1560489887574	addons.manager	DEBUG	Provider finished startup: PluginProvider
1560489887574	addons.manager	DEBUG	Completed startup sequence
1560489905936	addons.manager	DEBUG	Starting provider: <unnamed-provider>
1560489905936	addons.manager	DEBUG	Registering shutdown blocker for <unnamed-provider>
1560489905936	addons.manager	DEBUG	Provider finished startup: <unnamed-provider>

	at org.openqa.selenium.firefox.internal.NewProfileExtensionConnection.start(NewProfileExtensionConnection.java:112)
	... 31 more
]]>
            </full-stacktrace>
          </exception> <!-- org.openqa.selenium.WebDriverException -->
          <reporter-output>
          </reporter-output>
        </test-method> <!-- getLinks -->
      </class> <!-- Onlineshoppingstore.InvisibleLink -->
      <class name="Onlineshoppingstore.Links">
        <test-method status="FAIL" signature="getLinks()[pri:0, instance:Onlineshoppingstore.Links@3884b2]" name="getLinks" duration-ms="155609" started-at="2019-06-14T10:51:46Z" finished-at="2019-06-14T10:54:22Z">
          <exception class="java.io.FileNotFoundException">
            <message>
              <![CDATA[C:\Users\kallu\Desktop\LinkText.xlsx (The process cannot access the file because it is being used by another process)]]>
            </message>
            <full-stacktrace>
              <![CDATA[java.io.FileNotFoundException: C:\Users\kallu\Desktop\LinkText.xlsx (The process cannot access the file because it is being used by another process)
	at java.io.FileOutputStream.open0(Native Method)
	at java.io.FileOutputStream.open(FileOutputStream.java:270)
	at java.io.FileOutputStream.<init>(FileOutputStream.java:213)
	at java.io.FileOutputStream.<init>(FileOutputStream.java:162)
	at Onlineshoppingstore.Links.getLinks(Links.java:57)
	at sun.reflect.NativeMethodAccessorImpl.invoke0(Native Method)
	at sun.reflect.NativeMethodAccessorImpl.invoke(NativeMethodAccessorImpl.java:62)
	at sun.reflect.DelegatingMethodAccessorImpl.invoke(DelegatingMethodAccessorImpl.java:43)
	at java.lang.reflect.Method.invoke(Method.java:498)
	at org.testng.internal.MethodInvocationHelper.invokeMethod(MethodInvocationHelper.java:85)
	at org.testng.internal.Invoker.invokeMethod(Invoker.java:639)
	at org.testng.internal.Invoker.invokeTestMethod(Invoker.java:816)
	at org.testng.internal.Invoker.invokeTestMethods(Invoker.java:1124)
	at org.testng.internal.TestMethodWorker.invokeTestMethods(TestMethodWorker.java:125)
	at org.testng.internal.TestMethodWorker.run(TestMethodWorker.java:108)
	at org.testng.TestRunner.privateRun(TestRunner.java:774)
	at org.testng.TestRunner.run(TestRunner.java:624)
	at org.testng.SuiteRunner.runTest(SuiteRunner.java:359)
	at org.testng.SuiteRunner.runSequentially(SuiteRunner.java:354)
	at org.testng.SuiteRunner.privateRun(SuiteRunner.java:312)
	at org.testng.SuiteRunner.run(SuiteRunner.java:261)
	at org.testng.SuiteRunnerWorker.runSuite(SuiteRunnerWorker.java:52)
	at org.testng.SuiteRunnerWorker.run(SuiteRunnerWorker.java:86)
	at org.testng.TestNG.runSuitesSequentially(TestNG.java:1215)
	at org.testng.TestNG.runSuitesLocally(TestNG.java:1140)
	at org.testng.TestNG.run(TestNG.java:1048)
	at org.testng.remote.AbstractRemoteTestNG.run(AbstractRemoteTestNG.java:114)
	at org.testng.remote.RemoteTestNG.initAndRun(RemoteTestNG.java:251)
	at org.testng.remote.RemoteTestNG.main(RemoteTestNG.java:77)
]]>
            </full-stacktrace>
          </exception> <!-- java.io.FileNotFoundException -->
          <reporter-output>
          </reporter-output>
        </test-method> <!-- getLinks -->
      </class> <!-- Onlineshoppingstore.Links -->
      <class name="Onlineshoppingstore.TC1">
        <test-method status="PASS" signature="Slogin()[pri:0, instance:Onlineshoppingstore.TC1@d25987]" name="Slogin" duration-ms="11624" started-at="2019-06-14T10:49:41Z" finished-at="2019-06-14T10:49:53Z">
          <reporter-output>
          </reporter-output>
        </test-method> <!-- Slogin -->
        <test-method status="PASS" signature="click()[pri:1, instance:Onlineshoppingstore.TC1@d25987]" name="click" duration-ms="10771" started-at="2019-06-14T10:49:53Z" finished-at="2019-06-14T10:50:04Z">
          <reporter-output>
          </reporter-output>
        </test-method> <!-- click -->
        <test-method status="FAIL" signature="selectvalue()[pri:2, instance:Onlineshoppingstore.TC1@d25987]" name="selectvalue" duration-ms="5183" started-at="2019-06-14T10:50:04Z" finished-at="2019-06-14T10:50:09Z">
          <exception class="java.io.FileNotFoundException">
            <message>
              <![CDATA[C:\Users\sai\Downloads\Dropdowns Expected (2).xlsx (The system cannot find the path specified)]]>
            </message>
            <full-stacktrace>
              <![CDATA[java.io.FileNotFoundException: C:\Users\sai\Downloads\Dropdowns Expected (2).xlsx (The system cannot find the path specified)
	at java.io.FileInputStream.open0(Native Method)
	at java.io.FileInputStream.open(FileInputStream.java:195)
	at java.io.FileInputStream.<init>(FileInputStream.java:138)
	at java.io.FileInputStream.<init>(FileInputStream.java:93)
	at Onlineshoppingstore.TC1.selectvalue(TC1.java:62)
	at sun.reflect.NativeMethodAccessorImpl.invoke0(Native Method)
	at sun.reflect.NativeMethodAccessorImpl.invoke(NativeMethodAccessorImpl.java:62)
	at sun.reflect.DelegatingMethodAccessorImpl.invoke(DelegatingMethodAccessorImpl.java:43)
	at java.lang.reflect.Method.invoke(Method.java:498)
	at org.testng.internal.MethodInvocationHelper.invokeMethod(MethodInvocationHelper.java:85)
	at org.testng.internal.Invoker.invokeMethod(Invoker.java:639)
	at org.testng.internal.Invoker.invokeTestMethod(Invoker.java:816)
	at org.testng.internal.Invoker.invokeTestMethods(Invoker.java:1124)
	at org.testng.internal.TestMethodWorker.invokeTestMethods(TestMethodWorker.java:125)
	at org.testng.internal.TestMethodWorker.run(TestMethodWorker.java:108)
	at org.testng.TestRunner.privateRun(TestRunner.java:774)
	at org.testng.TestRunner.run(TestRunner.java:624)
	at org.testng.SuiteRunner.runTest(SuiteRunner.java:359)
	at org.testng.SuiteRunner.runSequentially(SuiteRunner.java:354)
	at org.testng.SuiteRunner.privateRun(SuiteRunner.java:312)
	at org.testng.SuiteRunner.run(SuiteRunner.java:261)
	at org.testng.SuiteRunnerWorker.runSuite(SuiteRunnerWorker.java:52)
	at org.testng.SuiteRunnerWorker.run(SuiteRunnerWorker.java:86)
	at org.testng.TestNG.runSuitesSequentially(TestNG.java:1215)
	at org.testng.TestNG.runSuitesLocally(TestNG.java:1140)
	at org.testng.TestNG.run(TestNG.java:1048)
	at org.testng.remote.AbstractRemoteTestNG.run(AbstractRemoteTestNG.java:114)
	at org.testng.remote.RemoteTestNG.initAndRun(RemoteTestNG.java:251)
	at org.testng.remote.RemoteTestNG.main(RemoteTestNG.java:77)
]]>
            </full-stacktrace>
          </exception> <!-- java.io.FileNotFoundException -->
          <reporter-output>
          </reporter-output>
        </test-method> <!-- selectvalue -->
        <test-method status="FAIL" signature="selectstock()[pri:3, instance:Onlineshoppingstore.TC1@d25987]" name="selectstock" duration-ms="217" started-at="2019-06-14T10:50:09Z" finished-at="2019-06-14T10:50:09Z">
          <exception class="java.io.FileNotFoundException">
            <message>
              <![CDATA[C:\Users\sai\Downloads\Dropdowns Expected (2).xlsx (The system cannot find the path specified)]]>
            </message>
            <full-stacktrace>
              <![CDATA[java.io.FileNotFoundException: C:\Users\sai\Downloads\Dropdowns Expected (2).xlsx (The system cannot find the path specified)
	at java.io.FileInputStream.open0(Native Method)
	at java.io.FileInputStream.open(FileInputStream.java:195)
	at java.io.FileInputStream.<init>(FileInputStream.java:138)
	at java.io.FileInputStream.<init>(FileInputStream.java:93)
	at Onlineshoppingstore.TC1.selectstock(TC1.java:97)
	at sun.reflect.NativeMethodAccessorImpl.invoke0(Native Method)
	at sun.reflect.NativeMethodAccessorImpl.invoke(NativeMethodAccessorImpl.java:62)
	at sun.reflect.DelegatingMethodAccessorImpl.invoke(DelegatingMethodAccessorImpl.java:43)
	at java.lang.reflect.Method.invoke(Method.java:498)
	at org.testng.internal.MethodInvocationHelper.invokeMethod(MethodInvocationHelper.java:85)
	at org.testng.internal.Invoker.invokeMethod(Invoker.java:639)
	at org.testng.internal.Invoker.invokeTestMethod(Invoker.java:816)
	at org.testng.internal.Invoker.invokeTestMethods(Invoker.java:1124)
	at org.testng.internal.TestMethodWorker.invokeTestMethods(TestMethodWorker.java:125)
	at org.testng.internal.TestMethodWorker.run(TestMethodWorker.java:108)
	at org.testng.TestRunner.privateRun(TestRunner.java:774)
	at org.testng.TestRunner.run(TestRunner.java:624)
	at org.testng.SuiteRunner.runTest(SuiteRunner.java:359)
	at org.testng.SuiteRunner.runSequentially(SuiteRunner.java:354)
	at org.testng.SuiteRunner.privateRun(SuiteRunner.java:312)
	at org.testng.SuiteRunner.run(SuiteRunner.java:261)
	at org.testng.SuiteRunnerWorker.runSuite(SuiteRunnerWorker.java:52)
	at org.testng.SuiteRunnerWorker.run(SuiteRunnerWorker.java:86)
	at org.testng.TestNG.runSuitesSequentially(TestNG.java:1215)
	at org.testng.TestNG.runSuitesLocally(TestNG.java:1140)
	at org.testng.TestNG.run(TestNG.java:1048)
	at org.testng.remote.AbstractRemoteTestNG.run(AbstractRemoteTestNG.java:114)
	at org.testng.remote.RemoteTestNG.initAndRun(RemoteTestNG.java:251)
	at org.testng.remote.RemoteTestNG.main(RemoteTestNG.java:77)
]]>
            </full-stacktrace>
          </exception> <!-- java.io.FileNotFoundException -->
          <reporter-output>
          </reporter-output>
        </test-method> <!-- selectstock -->
      </class> <!-- Onlineshoppingstore.TC1 -->
    </test> <!-- Test -->
  </suite> <!-- Suite -->
</testng-results>
